Build started 21/06/2016 12:20:47.
     1>Project "C:\Users\matheusbica\Documents\Visual Studio 2013\Projects\TowerDefense\TowerDefense\TowerDefense.vcxproj" on node 2 (Build target(s)).
     1>ClCompile:
         C:\Program Files (x86)\Microsoft Visual Studio 12.0\VC\bin\CL.exe /c /IC:\SFML\include /ZI /nologo /W3 /WX- /sdl /Od /Oy- /D WIN32 /D _DEBUG /D _WINDOWS /D _UNICODE /D UNICODE /Gm /EHsc /RTC1 /MDd /GS /fp:precise /Zc:wchar_t /Zc:forScope /Fo"Debug\\" /Fd"Debug\vc120.pdb" /Gd /TP /analyze- /errorReport:prompt Bullets.cpp Enemy.cpp Map.cpp Player.cpp main.cpp
         main.cpp
     1>c:\users\matheusbica\documents\visual studio 2013\projects\towerdefense\towerdefense\bullets.h(10): warning C4305: 'initializing' : truncation from 'double' to 'const float'
     1>c:\users\matheusbica\documents\visual studio 2013\projects\towerdefense\towerdefense\main.cpp(79): warning C4018: '<' : signed/unsigned mismatch
     1>c:\users\matheusbica\documents\visual studio 2013\projects\towerdefense\towerdefense\main.cpp(85): warning C4018: '<' : signed/unsigned mismatch
     1>c:\users\matheusbica\documents\visual studio 2013\projects\towerdefense\towerdefense\main.cpp(87): warning C4018: '<' : signed/unsigned mismatch
     1>c:\users\matheusbica\documents\visual studio 2013\projects\towerdefense\towerdefense\main.cpp(97): warning C4018: '<' : signed/unsigned mismatch
     1>c:\users\matheusbica\documents\visual studio 2013\projects\towerdefense\towerdefense\main.cpp(118): warning C4018: '<' : signed/unsigned mismatch
     1>c:\users\matheusbica\documents\visual studio 2013\projects\towerdefense\towerdefense\main.cpp(120): warning C4018: '<' : signed/unsigned mismatch
     1>c:\users\matheusbica\documents\visual studio 2013\projects\towerdefense\towerdefense\main.cpp(130): warning C4018: '<' : signed/unsigned mismatch
     1>c:\users\matheusbica\documents\visual studio 2013\projects\towerdefense\towerdefense\main.cpp(132): warning C4018: '<' : signed/unsigned mismatch
     1>c:\users\matheusbica\documents\visual studio 2013\projects\towerdefense\towerdefense\main.cpp(140): warning C4018: '<' : signed/unsigned mismatch
         Map.cpp
         Enemy.cpp
         Bullets.cpp
     1>c:\users\matheusbica\documents\visual studio 2013\projects\towerdefense\towerdefense\bullets.h(10): warning C4305: 'initializing' : truncation from 'double' to 'const float'
     1>c:\users\matheusbica\documents\visual studio 2013\projects\towerdefense\towerdefense\bullets.cpp(43): warning C4244: '=' : conversion from 'double' to 'float', possible loss of data
         Generating Code...
         Compiling...
         Player.cpp
         Generating Code...
       Link:
         C:\Program Files (x86)\Microsoft Visual Studio 12.0\VC\bin\link.exe /ERRORREPORT:PROMPT /OUT:"C:\Users\matheusbica\Documents\Visual Studio 2013\Projects\TowerDefense\Debug\TowerDefense.exe" /INCREMENTAL /NOLOGO /LIBPATH:C:\SFML\lib "sfml-audio-d.lib" "sfml-graphics-d.lib" "sfml-network-d.lib" "sfml-window-d.lib" "sfml-system-d.lib" kernel32.lib user32.lib gdi32.lib winspool.lib comdlg32.lib advapi32.lib shell32.lib ole32.lib oleaut32.lib uuid.lib odbc32.lib odbccp32.lib /MANIFEST /MANIFESTUAC:"level='asInvoker' uiAccess='false'" /manifest:embed /DEBUG /PDB:"C:\Users\matheusbica\Documents\Visual Studio 2013\Projects\TowerDefense\Debug\TowerDefense.pdb" /SUBSYSTEM:CONSOLE /TLBID:1 /DYNAMICBASE /NXCOMPAT /IMPLIB:"C:\Users\matheusbica\Documents\Visual Studio 2013\Projects\TowerDefense\Debug\TowerDefense.lib" /MACHINE:X86 Debug\Bullets.obj
         Debug\Cannon.obj
         Debug\Enemy.obj
         Debug\main.obj
         Debug\Map.obj
         Debug\Player.obj
         Debug\Shoot.obj
         Debug\Wave.obj
         Debug\WaveControl.obj
         TowerDefense.vcxproj -> C:\Users\matheusbica\Documents\Visual Studio 2013\Projects\TowerDefense\Debug\TowerDefense.exe
     1>Done Building Project "C:\Users\matheusbica\Documents\Visual Studio 2013\Projects\TowerDefense\TowerDefense\TowerDefense.vcxproj" (Build target(s)).

Build succeeded.

Time Elapsed 00:00:02.36
