Build started 20/06/2016 12:23:22.
     1>Project "C:\Users\matheusbica\Documents\Visual Studio 2013\Projects\TowerDefense\TowerDefense\TowerDefense.vcxproj" on node 2 (Build target(s)).
     1>ClCompile:
         C:\Program Files (x86)\Microsoft Visual Studio 12.0\VC\bin\CL.exe /c /IC:\SFML\include /Zi /nologo /W3 /WX- /sdl /O2 /Oi /Oy- /GL /D WIN32 /D NDEBUG /D _WINDOWS /D _UNICODE /D UNICODE /Gm- /EHsc /MD /GS /Gy /fp:precise /Zc:wchar_t /Zc:forScope /Fo"Release\\" /Fd"Release\vc120.pdb" /Gd /TP /analyze- /errorReport:prompt Wave.cpp
         Wave.cpp
       Link:
         C:\Program Files (x86)\Microsoft Visual Studio 12.0\VC\bin\link.exe /ERRORREPORT:PROMPT /OUT:"C:\Users\matheusbica\Documents\Visual Studio 2013\Projects\TowerDefense\Release\TowerDefense.exe" /INCREMENTAL:NO /NOLOGO /LIBPATH:C:\SFML\lib "sfml-audio.lib" "sfml-graphics.lib" "sfml-network.lib" "sfml-window.lib" "sfml-system.lib" kernel32.lib user32.lib gdi32.lib winspool.lib comdlg32.lib advapi32.lib shell32.lib ole32.lib oleaut32.lib uuid.lib odbc32.lib odbccp32.lib /MANIFEST /MANIFESTUAC:"level='asInvoker' uiAccess='false'" /manifest:embed /DEBUG /PDB:"C:\Users\matheusbica\Documents\Visual Studio 2013\Projects\TowerDefense\Release\TowerDefense.pdb" /SUBSYSTEM:CONSOLE /OPT:REF /OPT:ICF /LTCG /TLBID:1 /DYNAMICBASE /NXCOMPAT /IMPLIB:"C:\Users\matheusbica\Documents\Visual Studio 2013\Projects\TowerDefense\Release\TowerDefense.lib" /MACHINE:X86 /SAFESEH Release\Bullets.obj
         Release\Cannon.obj
         Release\Enemy.obj
         Release\Level.obj
         Release\main.obj
         Release\Map.obj
         Release\Shoot.obj
         Release\Wave.obj
         Release\WaveControl.obj
         Generating code
         Finished generating code
         TowerDefense.vcxproj -> C:\Users\matheusbica\Documents\Visual Studio 2013\Projects\TowerDefense\Release\TowerDefense.exe
     1>Done Building Project "C:\Users\matheusbica\Documents\Visual Studio 2013\Projects\TowerDefense\TowerDefense\TowerDefense.vcxproj" (Build target(s)).

Build succeeded.

Time Elapsed 00:00:01.02
